e:\vs2013程序清单\financialmm 2\financialmm\debug\financialmm.pch
e:\vs2013程序清单\financialmm 2\financialmm\debug\vc120.pdb
e:\vs2013程序清单\financialmm 2\financialmm\debug\vc120.idb
e:\vs2013程序清单\financialmm 2\financialmm\debug\stdafx.obj
e:\vs2013程序清单\financialmm 2\financialmm\debug\financialmm.obj
e:\vs2013程序清单\financialmm 2\financialmm\debug\financialmmctrl.obj
e:\vs2013程序清单\financialmm 2\financialmm\debug\financialmmproppage.obj
e:\vs2013程序清单\financialmm 2\debug\financialmm.lib
e:\vs2013程序清单\financialmm 2\debug\financialmm.exp
e:\vs2013程序清单\financialmm 2\debug\financialmm.ilk
e:\vs2013程序清单\financialmm 2\debug\financialmm.ocx
e:\vs2013程序清单\financialmm 2\debug\financialmm.pdb
e:\vs2013程序清单\financialmm 2\financialmm\debug\financialmm.tlb
e:\vs2013程序清单\financialmm 2\financialmm\financialmm_i.c
e:\vs2013程序清单\financialmm 2\financialmm\financialmmidl.h
e:\vs2013程序清单\financialmm 2\financialmm\debug\financialmm.res
e:\vs2013程序清单\financialmm 2\financialmm\debug\financialmm.tlog\cl.command.1.tlog
e:\vs2013程序清单\financialmm 2\financialmm\debug\financialmm.tlog\cl.read.1.tlog
e:\vs2013程序清单\financialmm 2\financialmm\debug\financialmm.tlog\cl.write.1.tlog
e:\vs2013程序清单\financialmm 2\financialmm\debug\financialmm.tlog\financialmm.write.1u.tlog
e:\vs2013程序清单\financialmm 2\financialmm\debug\financialmm.tlog\link.command.1.tlog
e:\vs2013程序清单\financialmm 2\financialmm\debug\financialmm.tlog\link.read.1.tlog
e:\vs2013程序清单\financialmm 2\financialmm\debug\financialmm.tlog\link.write.1.tlog
e:\vs2013程序清单\financialmm 2\financialmm\debug\financialmm.tlog\midl.command.1.tlog
e:\vs2013程序清单\financialmm 2\financialmm\debug\financialmm.tlog\midl.read.1.tlog
e:\vs2013程序清单\financialmm 2\financialmm\debug\financialmm.tlog\midl.write.1.tlog
e:\vs2013程序清单\financialmm 2\financialmm\debug\financialmm.tlog\rc.command.1.tlog
e:\vs2013程序清单\financialmm 2\financialmm\debug\financialmm.tlog\rc.read.1.tlog
e:\vs2013程序清单\financialmm 2\financialmm\debug\financialmm.tlog\rc.write.1.tlog
