  Processing .\FinancialMM.idl
  FinancialMM.idl
  Processing C:\Program Files (x86)\Microsoft SDKs\Windows\v7.1A\include\oaidl.idl
  oaidl.idl
  Processing C:\Program Files (x86)\Microsoft SDKs\Windows\v7.1A\include\objidl.idl
  objidl.idl
  Processing C:\Program Files (x86)\Microsoft SDKs\Windows\v7.1A\include\unknwn.idl
  unknwn.idl
  Processing C:\Program Files (x86)\Microsoft SDKs\Windows\v7.1A\include\wtypes.idl
  wtypes.idl
  Processing C:\Program Files (x86)\Microsoft SDKs\Windows\v7.1A\include\basetsd.h
  basetsd.h
  Processing C:\Program Files (x86)\Microsoft SDKs\Windows\v7.1A\include\guiddef.h
  guiddef.h
  Processing C:\Program Files (x86)\Microsoft SDKs\Windows\v7.1A\include\oaidl.acf
  oaidl.acf
  stdafx.cpp
  FinancialMMPropPage.cpp
  FinancialMMCtrl.cpp
d:\c++\repos\理财机\financialmm 2\financialmm\financialmmctrl.cpp(388): warning C4018: '<' : signed/unsigned mismatch
  FinancialMM.cpp
  Generating Code...
     Creating library D:\c++\repos\理财机\FinancialMM 2\Debug\FinancialMM.lib and object D:\c++\repos\理财机\FinancialMM 2\Debug\FinancialMM.exp
  FinancialMM.vcxproj -> D:\c++\repos\理财机\FinancialMM 2\Debug\FinancialMM.ocx
